SF:lib\main.dart
DA:29,0
DA:30,0
DA:31,0
DA:32,0
DA:34,0
DA:38,0
DA:42,1
DA:58,1
DA:60,0
DA:61,1
DA:62,1
DA:63,0
DA:64,0
DA:65,1
DA:66,0
DA:67,0
DA:68,1
DA:69,1
DA:70,1
DA:71,1
DA:72,1
DA:73,1
DA:74,0
DA:76,1
DA:77,1
DA:78,1
DA:79,1
DA:80,1
DA:81,1
DA:82,0
DA:83,0
DA:84,1
DA:86,0
DA:87,0
DA:89,0
DA:90,1
DA:91,0
DA:92,0
DA:94,0
LF:39
LH:19
end_of_record
SF:lib\core\auth\users.dart
DA:5,0
DA:6,0
DA:9,0
DA:11,0
DA:12,0
DA:16,0
DA:17,0
DA:18,0
DA:19,0
DA:20,0
DA:21,0
DA:22,0
DA:23,0
DA:28,0
DA:29,0
DA:30,0
DA:31,0
DA:32,0
DA:33,0
DA:34,0
DA:35,0
DA:39,0
DA:40,0
DA:42,0
DA:47,0
DA:49,0
DA:51,0
DA:62,0
DA:69,0
DA:72,0
DA:73,0
DA:74,0
DA:75,0
DA:76,0
DA:77,0
DA:78,0
DA:80,0
DA:81,0
DA:82,0
DA:83,0
DA:84,0
DA:85,0
DA:87,0
DA:88,0
DA:92,0
DA:94,0
DA:95,0
DA:96,0
DA:97,0
DA:98,0
DA:99,0
DA:100,0
DA:102,0
DA:103,0
DA:107,0
DA:112,0
DA:113,0
DA:115,0
DA:116,0
DA:117,0
DA:118,0
DA:119,0
DA:121,0
DA:122,0
LF:64
LH:0
end_of_record
SF:lib\core\errors\failure.dart
DA:3,0
DA:7,0
DA:8,0
DA:12,0
DA:13,0
DA:17,0
DA:18,0
DA:22,0
DA:23,0
LF:9
LH:0
end_of_record
SF:lib\core\params\course_params.dart
DA:16,0
DA:32,0
DA:33,0
DA:34,0
DA:35,0
DA:36,0
DA:37,0
DA:38,0
DA:39,0
DA:40,0
DA:41,0
DA:42,0
DA:43,0
DA:44,0
DA:45,0
DA:46,0
DA:64,0
LF:17
LH:0
end_of_record
SF:lib\core\params\loker_params.dart
DA:12,0
DA:24,0
DA:25,0
DA:26,0
DA:27,0
DA:28,0
DA:29,0
DA:30,0
DA:31,0
DA:32,0
DA:33,0
DA:34,0
DA:44,0
DA:50,0
DA:51,0
DA:52,0
DA:53,0
DA:54,0
LF:18
LH:0
end_of_record
SF:lib\core\params\user_params.dart
DA:5,0
DA:7,0
DA:8,0
DA:9,0
DA:19,0
DA:25,0
DA:26,0
DA:27,0
DA:28,0
DA:29,0
LF:10
LH:0
end_of_record
SF:lib\core\utils\button_customs.dart
DA:6,0
DA:17,0
DA:19,0
DA:21,0
DA:22,0
DA:23,0
DA:25,0
DA:27,0
DA:28,0
DA:29,0
DA:30,0
DA:31,0
DA:32,0
DA:35,0
DA:36,0
DA:38,0
LF:16
LH:0
end_of_record
SF:lib\core\utils\button_logout.dart
DA:5,0
DA:16,0
DA:18,0
DA:20,0
DA:21,0
DA:22,0
DA:23,0
DA:25,0
DA:26,0
DA:27,0
DA:28,0
DA:29,0
DA:30,0
DA:32,0
DA:37,0
DA:38,0
DA:40,0
LF:17
LH:0
end_of_record
SF:lib\feature\admin\business\entity\course_entity.dart
DA:16,0
LF:1
LH:0
end_of_record
SF:lib\feature\admin\business\entity\kontak_entity.dart
DA:6,0
LF:1
LH:0
end_of_record
SF:lib\feature\admin\business\entity\loker_entity.dart
DA:14,0
LF:1
LH:0
end_of_record
SF:lib\feature\admin\business\usecase\course_usecase\add_course.dart
DA:9,0
DA:11,0
DA:14,0
LF:3
LH:0
end_of_record
SF:lib\feature\admin\business\usecase\course_usecase\delete_course.dart
DA:8,0
DA:10,0
DA:11,0
LF:3
LH:0
end_of_record
SF:lib\feature\admin\business\usecase\course_usecase\get_course.dart
DA:9,0
DA:11,0
DA:12,0
LF:3
LH:0
end_of_record
SF:lib\feature\admin\business\usecase\course_usecase\get_courses.dart
DA:9,0
DA:11,0
DA:12,0
LF:3
LH:0
end_of_record
SF:lib\feature\admin\business\usecase\course_usecase\update_course.dart
DA:9,0
DA:11,0
DA:13,0
LF:3
LH:0
end_of_record
SF:lib\feature\admin\business\usecase\loker_usecase\add_loker.dart
DA:9,0
DA:11,0
DA:14,0
LF:3
LH:0
end_of_record
SF:lib\feature\admin\business\usecase\loker_usecase\delete_loker.dart
DA:8,0
DA:10,0
DA:11,0
LF:3
LH:0
end_of_record
SF:lib\feature\admin\business\usecase\loker_usecase\get_loker.dart
DA:9,0
DA:11,0
DA:14,0
LF:3
LH:0
end_of_record
SF:lib\feature\admin\business\usecase\loker_usecase\get_lokers.dart
DA:9,0
DA:11,0
DA:12,0
LF:3
LH:0
end_of_record
SF:lib\feature\admin\data\datasource\course_admin_remote_data_source.dart
DA:17,0
DA:20,0
DA:21,0
DA:22,0
DA:25,0
DA:28,0
DA:30,0
DA:31,0
DA:32,0
DA:33,0
DA:34,0
DA:35,0
DA:36,0
DA:38,0
DA:42,0
DA:45,0
DA:46,0
DA:47,0
DA:48,0
DA:49,0
DA:50,0
DA:52,0
DA:56,0
DA:59,0
DA:61,0
DA:64,0
DA:68,0
DA:72,0
DA:74,0
DA:75,0
DA:76,0
DA:78,0
DA:79,0
LF:33
LH:0
end_of_record
SF:lib\feature\admin\data\model\course_model.dart
DA:29,0
DA:43,0
DA:59,0
DA:60,0
DA:61,0
DA:62,0
DA:63,0
DA:64,0
DA:65,0
DA:66,0
DA:67,0
DA:68,0
DA:69,0
DA:70,0
DA:71,0
DA:72,0
DA:74,0
DA:75,0
DA:79,0
DA:80,0
DA:81,0
DA:82,0
DA:83,0
DA:84,0
DA:85,0
DA:86,0
DA:87,0
DA:88,0
DA:89,0
DA:90,0
DA:91,0
DA:92,0
DA:93,0
LF:33
LH:0
end_of_record
SF:lib\feature\admin\data\datasource\loker_admin_remote_data_source.dart
DA:16,0
DA:19,0
DA:20,0
DA:21,0
DA:24,0
DA:27,0
DA:29,0
DA:30,0
DA:31,0
DA:32,0
DA:33,0
DA:34,0
DA:35,0
DA:37,0
DA:41,0
DA:44,0
DA:45,0
DA:46,0
DA:47,0
DA:48,0
DA:49,0
DA:51,0
DA:55,0
DA:58,0
DA:60,0
DA:61,0
DA:63,0
DA:64,0
DA:68,0
DA:72,0
DA:74,0
DA:75,0
DA:77,0
DA:78,0
LF:34
LH:0
end_of_record
SF:lib\feature\admin\data\model\loker_model.dart
DA:24,0
DA:34,0
DA:46,0
DA:47,0
DA:48,0
DA:49,0
DA:50,0
DA:51,0
DA:52,0
DA:53,0
DA:54,0
DA:55,0
DA:56,0
DA:57,0
DA:58,0
DA:59,0
DA:60,0
DA:61,0
DA:65,0
DA:66,0
DA:67,0
DA:68,0
DA:69,0
DA:70,0
DA:71,0
DA:72,0
DA:73,0
DA:74,0
DA:75,0
LF:29
LH:0
end_of_record
SF:lib\feature\admin\data\model\kontak_model.dart
DA:8,0
DA:12,0
DA:18,0
DA:19,0
DA:20,0
DA:21,0
DA:22,0
DA:26,0
DA:27,0
DA:28,0
DA:29,0
DA:30,0
LF:12
LH:0
end_of_record
SF:lib\feature\admin\data\repository\course_admin_repository_impl.dart
DA:10,0
DA:11,0
DA:15,0
DA:16,0
DA:18,0
DA:19,0
DA:23,0
DA:26,0
DA:28,0
DA:29,0
DA:33,0
DA:36,0
DA:37,0
DA:39,0
DA:40,0
DA:44,0
DA:47,0
DA:49,0
DA:50,0
DA:54,0
DA:58,0
DA:63,0
DA:64,0
LF:23
LH:0
end_of_record
SF:lib\feature\admin\data\repository\loker_admin_repository_impl.dart
DA:10,0
DA:12,0
DA:15,0
DA:18,0
DA:19,0
DA:23,0
DA:26,0
DA:28,0
DA:29,0
DA:33,0
DA:36,0
DA:37,0
DA:39,0
DA:40,0
DA:44,0
DA:47,0
DA:49,0
DA:50,0
DA:54,0
DA:58,0
DA:62,0
DA:63,0
LF:22
LH:0
end_of_record
SF:lib\feature\admin\presentation\provider\admin_course_provider.dart
DA:19,0
DA:24,0
DA:27,0
DA:28,0
DA:31,0
DA:32,0
DA:33,0
DA:34,0
DA:36,0
DA:38,0
DA:39,0
DA:40,0
DA:41,0
DA:42,0
DA:45,0
DA:47,0
DA:48,0
DA:52,0
DA:68,0
DA:69,0
DA:70,0
DA:71,0
DA:86,0
DA:87,0
DA:88,0
DA:89,0
DA:90,0
DA:92,0
DA:93,0
DA:94,0
DA:95,0
DA:98,0
DA:100,0
DA:101,0
DA:105,0
DA:122,0
DA:123,0
DA:124,0
DA:126,0
DA:141,0
DA:142,0
DA:143,0
DA:144,0
DA:146,0
DA:147,0
DA:148,0
DA:151,0
DA:153,0
DA:154,0
DA:158,0
DA:159,0
DA:160,0
DA:161,0
DA:163,0
DA:164,0
DA:165,0
DA:166,0
DA:167,0
DA:169,0
DA:170,0
DA:171,0
DA:173,0
DA:176,0
DA:179,0
DA:180,0
DA:181,0
DA:182,0
DA:183,0
DA:184,0
DA:185,0
DA:186,0
DA:188,0
DA:189,0
DA:190,0
DA:191,0
DA:194,0
LF:76
LH:0
end_of_record
SF:lib\feature\admin\presentation\provider\admin_loker_provider.dart
DA:18,0
DA:25,0
DA:36,0
DA:37,0
DA:38,0
DA:39,0
DA:50,0
DA:51,0
DA:52,0
DA:53,0
DA:54,0
DA:56,0
DA:57,0
DA:58,0
DA:59,0
DA:62,0
DA:64,0
DA:65,0
DA:69,0
DA:71,0
DA:72,0
DA:73,0
DA:75,0
DA:76,0
DA:77,0
DA:78,0
DA:79,0
DA:81,0
DA:82,0
DA:83,0
DA:85,0
DA:88,0
DA:91,0
DA:93,0
DA:94,0
DA:95,0
DA:99,0
DA:100,0
DA:101,0
DA:102,0
DA:103,0
DA:105,0
DA:106,0
DA:107,0
DA:108,0
DA:109,0
DA:112,0
DA:115,0
DA:117,0
DA:118,0
DA:120,0
DA:122,0
DA:123,0
DA:124,0
DA:125,0
DA:127,0
DA:128,0
DA:129,0
DA:130,0
DA:133,0
LF:60
LH:0
end_of_record
SF:lib\feature\detail_kelas\business\entity\course_entity_detail_course.dart
DA:16,0
LF:1
LH:0
end_of_record
SF:lib\feature\detail_kelas\business\usecase\get_course_detail.dart
DA:9,0
DA:11,0
DA:13,0
LF:3
LH:0
end_of_record
SF:lib\feature\detail_kelas\data\datasource\course_detail_remote_data_source.dart
DA:11,0
DA:15,0
DA:16,0
DA:17,0
DA:18,0
DA:19,0
DA:21,0
DA:23,0
LF:8
LH:0
end_of_record
SF:lib\feature\detail_kelas\data\model\course_detail_model.dart
DA:31,0
DA:45,0
DA:61,0
DA:62,0
DA:63,0
DA:64,0
DA:65,0
DA:66,0
DA:67,0
DA:68,0
DA:69,0
DA:70,0
DA:71,0
DA:72,0
DA:73,0
DA:74,0
DA:76,0
DA:77,0
DA:81,0
DA:82,0
DA:83,0
DA:84,0
DA:85,0
DA:86,0
DA:87,0
DA:88,0
DA:89,0
DA:90,0
DA:91,0
DA:92,0
DA:93,0
DA:94,0
DA:95,0
LF:33
LH:0
end_of_record
SF:lib\feature\detail_kelas\data\repository\course_detail_repository_impl.dart
DA:9,0
DA:10,0
DA:14,0
DA:16,0
DA:17,0
LF:5
LH:0
end_of_record
SF:lib\feature\detail_kelas\presentation\page\detail_kelas_page.dart
DA:5,0
DA:9,0
DA:11,0
LF:3
LH:0
end_of_record
SF:lib\feature\detail_kelas\presentation\widget\detail_kelas.dart
DA:18,0
DA:23,0
DA:24,0
DA:29,0
DA:31,0
DA:32,0
DA:33,0
DA:34,0
DA:35,0
DA:38,0
DA:41,0
DA:42,0
DA:45,0
DA:46,0
DA:49,0
DA:50,0
DA:51,0
DA:55,0
DA:56,0
DA:57,0
DA:64,0
DA:66,0
DA:70,0
DA:72,0
DA:73,0
DA:74,0
DA:75,0
DA:77,0
DA:81,0
DA:82,0
DA:87,0
DA:90,0
DA:91,0
DA:92,0
DA:94,0
DA:95,0
DA:96,0
DA:97,0
DA:98,0
DA:107,0
DA:108,0
DA:110,0
DA:112,0
DA:113,0
DA:114,0
DA:117,0
DA:119,0
DA:130,0
DA:134,0
DA:135,0
DA:140,0
DA:144,0
DA:146,0
DA:149,0
DA:150,0
DA:151,0
DA:153,0
DA:190,0
DA:193,0
DA:194,0
DA:195,0
DA:196,0
DA:216,0
DA:217,0
DA:218,0
DA:220,0
DA:224,0
DA:226,0
DA:244,0
DA:245,0
DA:246,0
DA:247,0
DA:248,0
DA:249,0
DA:250,0
DA:257,0
DA:258,0
DA:259,0
LF:78
LH:0
end_of_record
SF:lib\feature\detail_kelas\presentation\provider\detail_course_provider.dart
DA:12,0
DA:17,0
DA:19,0
DA:20,0
DA:22,0
DA:24,0
DA:25,0
DA:26,0
DA:27,0
DA:28,0
DA:30,0
DA:31,0
DA:32,0
DA:33,0
LF:14
LH:0
end_of_record
SF:lib\feature\detail_kelas\presentation\widget\author_component.dart
DA:5,0
DA:8,0
DA:10,0
DA:11,0
DA:12,0
LF:5
LH:0
end_of_record
SF:lib\feature\detail_kelas\presentation\widget\course_trailer.dart
DA:6,0
DA:9,0
DA:10,0
DA:18,0
DA:20,0
DA:21,0
DA:24,0
DA:25,0
DA:26,0
DA:29,0
DA:31,0
DA:32,0
DA:40,0
DA:44,0
DA:46,0
DA:49,0
DA:51,0
DA:53,0
DA:55,0
LF:19
LH:0
end_of_record
SF:lib\feature\detail_kelas\presentation\widget\desc_component.dart
DA:6,0
DA:9,0
DA:11,0
DA:13,0
LF:4
LH:0
end_of_record
SF:lib\feature\detail_kelas\presentation\widget\feature_course.dart
DA:8,1
DA:11,0
DA:13,0
DA:18,0
DA:19,0
DA:20,0
DA:31,0
DA:32,0
DA:33,0
DA:34,0
DA:42,0
DA:43,0
DA:45,0
LF:13
LH:1
end_of_record
SF:lib\feature\detail_kelas\presentation\widget\key_points_component.dart
DA:5,0
DA:8,0
DA:10,0
DA:11,0
DA:13,0
DA:14,0
DA:15,0
DA:24,0
DA:25,0
DA:26,0
DA:28,0
LF:11
LH:0
end_of_record
SF:lib\feature\detail_kelas\presentation\widget\point_course_component.dart
DA:7,1
DA:12,0
DA:14,0
DA:15,0
DA:16,0
DA:17,0
DA:23,0
DA:24,0
DA:25,0
LF:9
LH:1
end_of_record
SF:lib\feature\detail_kelas\presentation\widget\price_detail_component.dart
DA:7,0
DA:22,0
DA:24,0
DA:26,0
DA:27,0
DA:28,0
DA:29,0
DA:31,0
DA:32,0
DA:34,0
DA:36,0
DA:38,0
DA:39,0
DA:41,0
DA:42,0
DA:43,0
DA:44,0
DA:45,0
DA:46,0
DA:47,0
DA:48,0
DA:50,0
DA:51,0
DA:52,0
DA:53,0
DA:54,0
DA:55,0
DA:56,0
LF:28
LH:0
end_of_record
SF:lib\feature\detail_kelas\presentation\widget\rating_component.dart
DA:5,0
DA:8,0
DA:10,0
DA:11,0
DA:12,0
DA:18,0
DA:19,0
DA:20,0
LF:8
LH:0
end_of_record
SF:lib\feature\wishlist\presentation\provider\wishlist_provider.dart
DA:14,0
DA:16,0
DA:18,0
DA:19,0
DA:21,0
DA:23,0
DA:24,0
DA:25,0
DA:26,0
DA:27,0
DA:28,0
DA:29,0
DA:33,0
DA:35,0
DA:36,0
DA:38,0
DA:40,0
DA:41,0
DA:42,0
DA:43,0
DA:44,0
DA:45,0
DA:46,0
DA:50,0
DA:51,0
DA:52,0
DA:53,0
DA:55,0
DA:56,0
DA:57,0
DA:58,0
DA:59,0
DA:60,0
DA:61,0
DA:62,0
DA:66,0
DA:68,0
DA:69,0
DA:71,0
DA:73,0
DA:74,0
DA:75,0
DA:76,0
DA:77,0
DA:78,0
DA:79,0
DA:80,0
LF:47
LH:0
end_of_record
SF:lib\feature\payment\presentation\page\payment_page.dart
DA:5,0
DA:20,0
DA:22,0
DA:23,0
DA:24,0
DA:25,0
DA:26,0
DA:27,0
DA:28,0
LF:9
LH:0
end_of_record
SF:lib\feature\detail_lowongan\business\entity\course_entity_lowongan.dart
DA:16,0
LF:1
LH:0
end_of_record
SF:lib\feature\detail_lowongan\business\entity\lowongan_detail_entity.dart
DA:14,0
LF:1
LH:0
end_of_record
SF:lib\feature\detail_lowongan\business\entity\sub_entity.dart
DA:6,0
LF:1
LH:0
end_of_record
SF:lib\feature\detail_lowongan\business\usecase\get_courses_by_category.dart
DA:9,0
DA:11,0
DA:13,0
LF:3
LH:0
end_of_record
SF:lib\feature\detail_lowongan\business\usecase\get_detail_lowongan.dart
DA:9,0
DA:11,0
DA:13,0
LF:3
LH:0
end_of_record
SF:lib\feature\detail_lowongan\data\datasource\detail_lowongan_remote_data_source.dart
DA:13,0
DA:17,0
DA:18,0
DA:19,0
DA:20,0
DA:21,0
DA:22,0
DA:23,0
DA:24,0
DA:26,0
DA:30,0
DA:33,0
DA:34,0
DA:35,0
DA:36,0
DA:37,0
DA:38,0
DA:40,0
LF:18
LH:0
end_of_record
SF:lib\feature\detail_lowongan\data\model\course_model_lowongan.dart
DA:31,0
DA:45,0
DA:61,0
DA:62,0
DA:63,0
DA:64,0
DA:65,0
DA:66,0
DA:67,0
DA:68,0
DA:69,0
DA:70,0
DA:71,0
DA:72,0
DA:73,0
DA:74,0
DA:76,0
DA:77,0
DA:80,0
DA:81,0
DA:82,0
DA:83,0
DA:84,0
DA:85,0
DA:86,0
DA:87,0
DA:88,0
DA:89,0
DA:90,0
DA:91,0
DA:92,0
DA:93,0
LF:32
LH:0
end_of_record
SF:lib\feature\detail_lowongan\data\model\detail_lowongan_model.dart
DA:24,0
DA:34,0
DA:46,0
DA:47,0
DA:48,0
DA:49,0
DA:50,0
DA:51,0
DA:52,0
DA:53,0
DA:54,0
DA:55,0
DA:56,0
DA:57,0
DA:58,0
DA:59,0
DA:60,0
DA:61,0
DA:65,0
DA:66,0
DA:67,0
DA:68,0
DA:69,0
DA:70,0
DA:71,0
DA:72,0
DA:73,0
DA:74,0
DA:75,0
LF:29
LH:0
end_of_record
SF:lib\feature\detail_lowongan\data\model\sub_model.dart
DA:11,0
DA:15,0
DA:21,0
DA:22,0
DA:23,0
DA:24,0
DA:25,0
DA:28,0
DA:29,0
DA:30,0
DA:31,0
LF:11
LH:0
end_of_record
SF:lib\feature\detail_lowongan\data\repository\detail_lowongan_repository_impl.dart
DA:11,0
DA:15,0
DA:19,0
DA:20,0
DA:22,0
DA:26,0
DA:30,0
DA:32,0
DA:34,0
LF:9
LH:0
end_of_record
SF:lib\feature\detail_lowongan\presentation\page\detail_lowongan_page.dart
DA:5,0
DA:10,0
DA:12,0
LF:3
LH:0
end_of_record
SF:lib\feature\detail_lowongan\presentation\widget\detail_lowongan_widget.dart
DA:19,0
DA:24,0
DA:25,0
DA:29,0
DA:31,0
DA:33,0
DA:34,0
DA:35,0
DA:36,0
DA:37,0
DA:40,0
DA:41,0
DA:42,0
DA:43,0
DA:45,0
DA:53,0
DA:54,0
DA:55,0
DA:64,0
DA:66,0
DA:68,0
DA:70,0
DA:71,0
DA:73,0
DA:74,0
DA:77,0
DA:78,0
DA:82,0
DA:84,0
DA:89,0
DA:90,0
DA:91,0
DA:96,0
DA:98,0
DA:99,0
DA:100,0
DA:105,0
DA:106,0
DA:111,0
DA:112,0
DA:113,0
DA:114,0
DA:121,0
DA:122,0
DA:127,0
DA:128,0
DA:133,0
DA:134,0
DA:139,0
DA:141,0
DA:149,0
DA:152,0
DA:153,0
DA:154,0
DA:156,0
DA:163,0
DA:165,0
DA:173,0
DA:174,0
DA:175,0
DA:180,0
DA:181,0
DA:182,0
DA:187,0
DA:188,0
DA:189,0
DA:197,0
DA:199,0
DA:202,0
DA:203,0
DA:204,0
DA:206,0
DA:207,0
DA:208,0
DA:209,0
DA:210,0
DA:211,0
DA:219,0
DA:220,0
DA:223,0
DA:224,0
DA:225,0
DA:227,0
DA:232,0
DA:233,0
DA:234,0
LF:86
LH:0
end_of_record
SF:lib\feature\detail_lowongan\presentation\provider\detail_lowongan_provider.dart
DA:15,0
DA:21,0
DA:22,0
DA:23,0
DA:24,0
DA:26,0
DA:27,0
DA:28,0
DA:30,0
DA:32,0
DA:33,0
DA:34,0
DA:35,0
DA:40,0
DA:41,0
DA:42,0
DA:44,0
DA:46,0
DA:47,0
DA:48,0
DA:50,0
DA:52,0
DA:53,0
DA:54,0
DA:55,0
DA:56,0
LF:26
LH:0
end_of_record
SF:lib\feature\detail_lowongan\presentation\widget\category_lowongan_widget.dart
DA:6,0
DA:9,0
DA:11,0
DA:13,0
DA:14,0
DA:15,0
DA:20,0
DA:21,0
DA:22,0
LF:9
LH:0
end_of_record
SF:lib\feature\detail_lowongan\presentation\widget\course_card_lowongan.dart
DA:8,0
DA:26,0
DA:27,0
DA:33,0
DA:34,0
DA:35,0
DA:39,0
DA:41,0
DA:42,0
DA:43,0
DA:45,0
DA:46,0
DA:47,0
DA:48,0
DA:49,0
DA:50,0
DA:55,0
DA:56,0
DA:67,0
DA:69,0
DA:70,0
DA:73,0
DA:74,0
DA:76,0
DA:87,0
DA:88,0
DA:89,0
DA:90,0
DA:98,0
DA:100,0
DA:101,0
DA:102,0
DA:112,0
DA:114,0
DA:115,0
DA:117,0
DA:118,0
DA:119,0
DA:120,0
DA:122,0
DA:128,0
DA:148,0
DA:149,0
DA:150,0
DA:158,0
DA:159,0
DA:161,0
DA:162,0
DA:164,0
DA:169,0
DA:170,0
DA:171,0
DA:172,0
LF:53
LH:0
end_of_record
SF:lib\feature\detail_lowongan\presentation\widget\deskripsi_detail_lowongan.dart
DA:5,0
DA:8,0
DA:10,0
DA:12,0
DA:13,0
DA:15,0
DA:21,0
DA:22,0
DA:23,0
LF:9
LH:0
end_of_record
SF:lib\feature\detail_lowongan\presentation\widget\location_text.dart
DA:7,0
DA:10,0
DA:12,0
DA:13,0
DA:14,0
DA:21,0
DA:22,0
LF:7
LH:0
end_of_record
SF:lib\feature\detail_lowongan\presentation\widget\persyaratan_widget.dart
DA:5,0
DA:8,0
DA:10,0
DA:11,0
DA:12,0
LF:5
LH:0
end_of_record
SF:lib\feature\detail_lowongan\presentation\widget\perusahaan_text.dart
DA:6,0
DA:9,0
DA:11,0
DA:12,0
DA:13,0
LF:5
LH:0
end_of_record
SF:lib\feature\detail_lowongan\presentation\widget\tipe_lowongan.dart
DA:7,0
DA:10,0
DA:12,0
DA:13,0
DA:14,0
DA:20,0
DA:21,0
DA:22,0
LF:8
LH:0
end_of_record
SF:lib\feature\detail_lowongan\presentation\widget\title_widget_lowongan.dart
DA:5,0
DA:8,0
DA:10,0
DA:11,0
DA:12,0
LF:5
LH:0
end_of_record
SF:lib\feature\detail_transaksi\presentation\page\detail_transaksi_page.dart
DA:5,1
DA:7,0
LF:2
LH:1
end_of_record
SF:lib\feature\detail_transaksi\presentation\widget\detail_transaksi_component.dart
DA:5,1
DA:7,0
DA:9,0
DA:10,0
DA:13,0
DA:14,0
DA:15,0
DA:19,0
DA:20,0
DA:21,0
DA:28,0
DA:30,0
LF:12
LH:1
end_of_record
SF:lib\feature\edit_profile\business\usecase\edit_profile.dart
DA:8,0
DA:10,0
DA:12,0
LF:3
LH:0
end_of_record
SF:lib\feature\edit_profile\data\datasource\edit_user_profile_remote_data_source.dart
DA:12,0
DA:15,0
DA:17,0
DA:20,0
DA:21,0
DA:27,0
LF:6
LH:0
end_of_record
SF:lib\feature\edit_profile\data\repository\edit_profile_user_repository_impl.dart
DA:9,1
DA:11,0
DA:16,0
DA:19,0
LF:4
LH:1
end_of_record
SF:lib\feature\edit_profile\presentation\page\edit_profile_page.dart
DA:5,1
DA:7,0
LF:2
LH:1
end_of_record
SF:lib\feature\edit_profile\presentation\widget\edit_profile_component.dart
DA:12,1
DA:14,0
DA:15,0
DA:19,0
DA:21,0
DA:22,0
DA:25,0
DA:27,0
DA:28,0
DA:29,0
DA:30,0
DA:31,0
DA:36,0
DA:38,0
DA:44,0
DA:45,0
DA:46,0
DA:54,0
DA:55,0
DA:57,0
DA:59,0
DA:63,0
DA:65,0
DA:74,0
DA:114,0
DA:115,0
DA:117,0
DA:118,0
DA:119,0
DA:120,0
DA:121,0
LF:31
LH:1
end_of_record
SF:lib\feature\edit_profile\presentation\provider\edit_profile_provider.dart
DA:9,0
DA:13,0
DA:19,0
DA:22,0
DA:23,0
DA:24,0
DA:25,0
DA:27,0
DA:28,0
DA:29,0
DA:33,0
DA:34,0
LF:12
LH:0
end_of_record
SF:lib\feature\edit_profile\presentation\widget\input_nama.dart
DA:6,0
DA:10,0
DA:12,0
DA:13,0
DA:14,0
DA:21,0
DA:26,0
DA:27,0
DA:29,0
DA:30,0
DA:33,0
DA:34,0
LF:12
LH:0
end_of_record
SF:lib\feature\home\business\entity\course_entity.dart
DA:16,0
LF:1
LH:0
end_of_record
SF:lib\feature\home\business\usecase\get_course_by_category.dart
DA:9,0
DA:11,0
DA:13,0
LF:3
LH:0
end_of_record
SF:lib\feature\home\business\usecase\get_course_by_name.dart
DA:9,0
DA:11,0
DA:13,0
LF:3
LH:0
end_of_record
SF:lib\feature\home\business\usecase\get_courses.dart
DA:9,0
DA:11,0
DA:12,0
LF:3
LH:0
end_of_record
SF:lib\feature\home\data\datasource\course_remote_data_source.dart
DA:11,0
DA:14,0
DA:16,0
DA:17,0
DA:18,0
DA:19,0
DA:20,0
DA:21,0
DA:22,0
DA:24,0
DA:28,0
DA:32,0
DA:34,0
DA:35,0
DA:36,0
DA:37,0
DA:38,0
DA:39,0
DA:40,0
DA:42,0
DA:46,0
DA:49,0
DA:51,0
DA:52,0
DA:53,0
DA:54,0
DA:55,0
DA:56,0
DA:57,0
DA:59,0
LF:30
LH:0
end_of_record
SF:lib\feature\home\data\model\course_model.dart
DA:29,0
DA:43,0
DA:59,0
DA:60,0
DA:61,0
DA:62,0
DA:63,0
DA:64,0
DA:65,0
DA:66,0
DA:67,0
DA:68,0
DA:69,0
DA:70,0
DA:71,0
DA:72,0
DA:74,0
DA:75,0
DA:79,0
DA:80,0
DA:81,0
DA:82,0
DA:83,0
DA:84,0
DA:85,0
DA:86,0
DA:87,0
DA:88,0
DA:89,0
DA:90,0
DA:91,0
DA:92,0
DA:93,0
LF:33
LH:0
end_of_record
SF:lib\feature\home\data\repository\course_user_repository_impl.dart
DA:9,0
DA:11,0
DA:14,0
DA:15,0
DA:17,0
DA:21,0
DA:25,0
DA:27,0
DA:29,0
DA:33,0
DA:38,0
DA:39,0
DA:41,0
LF:13
LH:0
end_of_record
SF:lib\feature\home\presentation\page\home_page_view.dart
DA:5,3
DA:8,0
LF:2
LH:1
end_of_record
SF:lib\feature\home\presentation\widget\navbar_component.dart
DA:13,1
DA:17,0
DA:18,0
DA:23,0
DA:24,0
DA:25,0
DA:29,0
DA:31,0
DA:32,0
DA:35,0
DA:37,0
DA:38,0
DA:39,0
DA:40,0
DA:41,0
DA:44,0
DA:47,0
DA:50,0
DA:51,0
DA:55,0
DA:56,0
DA:57,0
DA:60,0
DA:65,0
DA:66,0
DA:67,0
DA:70,0
DA:71,0
DA:72,0
DA:75,0
DA:76,0
DA:77,0
DA:81,0
DA:82,0
DA:87,0
DA:93,0
LF:36
LH:1
end_of_record
SF:lib\feature\home\presentation\provider\course_user_provider.dart
DA:15,0
DA:20,0
DA:22,0
DA:23,0
DA:25,0
DA:26,0
DA:27,0
DA:28,0
DA:30,0
DA:32,0
DA:33,0
DA:34,0
DA:35,0
DA:36,0
DA:41,0
DA:43,0
DA:44,0
DA:46,0
DA:47,0
DA:48,0
DA:49,0
DA:51,0
DA:53,0
DA:54,0
DA:55,0
DA:56,0
DA:61,0
DA:63,0
DA:64,0
DA:65,0
DA:66,0
DA:67,0
DA:68,0
DA:69,0
DA:71,0
DA:73,0
DA:74,0
DA:75,0
DA:76,0
LF:39
LH:0
end_of_record
SF:lib\feature\home\presentation\widget\course_card.dart
DA:10,0
DA:26,0
DA:27,0
DA:33,0
DA:35,0
DA:36,0
DA:37,0
DA:40,0
DA:41,0
DA:42,0
DA:45,0
DA:46,0
DA:47,0
DA:51,0
DA:53,0
DA:54,0
DA:55,0
DA:57,0
DA:58,0
DA:59,0
DA:60,0
DA:61,0
DA:62,0
DA:67,0
DA:68,0
DA:79,0
DA:81,0
DA:82,0
DA:85,0
DA:86,0
DA:88,0
DA:99,0
DA:100,0
DA:101,0
DA:102,0
DA:110,0
DA:112,0
DA:113,0
DA:114,0
DA:124,0
DA:126,0
DA:127,0
DA:129,0
DA:130,0
DA:131,0
DA:132,0
DA:134,0
DA:140,0
DA:141,0
DA:142,0
DA:151,0
DA:153,0
DA:167,0
DA:168,0
DA:169,0
DA:177,0
DA:178,0
DA:180,0
DA:181,0
DA:183,0
DA:188,0
DA:189,0
DA:190,0
DA:191,0
LF:64
LH:0
end_of_record
SF:lib\feature\home\presentation\widget\home_page_component.dart
DA:19,0
DA:20,0
DA:23,0
DA:26,0
DA:29,0
DA:30,0
DA:38,0
DA:39,0
DA:40,0
DA:44,0
DA:46,0
DA:47,0
DA:48,0
DA:53,0
DA:56,0
DA:58,0
DA:59,0
DA:60,0
DA:61,0
DA:62,0
DA:63,0
DA:66,0
DA:67,0
DA:68,0
DA:69,0
DA:73,0
DA:75,0
DA:77,0
DA:78,0
DA:79,0
DA:88,0
DA:90,0
DA:92,0
DA:93,0
DA:94,0
DA:95,0
DA:105,0
DA:107,0
DA:115,0
DA:120,0
DA:121,0
DA:123,0
DA:124,0
DA:136,0
DA:137,0
DA:141,0
DA:142,0
DA:147,0
DA:149,0
DA:151,0
DA:152,0
DA:154,0
DA:157,0
DA:158,0
DA:159,0
DA:161,0
DA:173,0
DA:175,0
DA:177,0
DA:180,0
DA:181,0
DA:182,0
DA:184,0
DA:186,0
DA:187,0
DA:188,0
DA:189,0
DA:190,0
DA:200,0
DA:202,0
DA:204,0
DA:205,0
DA:207,0
DA:210,0
DA:211,0
DA:212,0
DA:214,0
DA:226,0
DA:228,0
DA:229,0
DA:230,0
DA:231,0
DA:233,0
DA:234,0
DA:235,0
DA:236,0
DA:242,0
DA:244,0
DA:246,0
DA:247,0
DA:249,0
DA:252,0
DA:253,0
DA:254,0
DA:256,0
DA:268,0
DA:270,0
DA:272,0
DA:275,0
DA:276,0
DA:277,0
DA:279,0
DA:281,0
DA:282,0
DA:283,0
DA:284,0
DA:285,0
DA:295,0
DA:297,0
DA:299,0
DA:300,0
DA:302,0
DA:305,0
DA:306,0
DA:307,0
DA:309,0
DA:321,0
DA:323,0
DA:325,0
DA:328,0
DA:329,0
DA:330,0
DA:332,0
DA:334,0
DA:335,0
DA:336,0
DA:337,0
DA:338,0
DA:350,0
DA:351,0
DA:352,0
DA:365,0
DA:366,0
DA:367,0
DA:372,0
DA:373,0
DA:377,0
DA:378,0
DA:380,0
DA:382,0
DA:383,0
DA:390,0
DA:391,0
DA:398,0
DA:399,0
LF:145
LH:0
end_of_record
SF:lib\feature\home\presentation\widget\indicator_carousel.dart
DA:6,0
DA:16,0
DA:17,0
DA:21,0
DA:23,0
DA:25,0
DA:26,0
DA:27,0
DA:28,0
DA:29,0
DA:31,0
DA:38,0
DA:39,0
DA:43,0
DA:45,0
DA:52,0
DA:53,0
DA:54,0
DA:58,0
LF:19
LH:0
end_of_record
SF:lib\feature\home\presentation\widget\my_course_card.dart
DA:7,0
DA:16,0
DA:18,0
DA:20,0
DA:21,0
DA:22,0
DA:26,0
DA:28,0
DA:29,0
DA:33,0
DA:35,0
DA:37,0
DA:38,0
DA:40,0
DA:54,0
DA:55,0
DA:57,0
DA:58,0
DA:59,0
DA:61,0
DA:69,0
DA:70,0
DA:71,0
LF:23
LH:0
end_of_record
SF:lib\feature\home\presentation\widget\search_container.dart
DA:5,0
DA:8,0
DA:10,0
DA:12,0
DA:13,0
DA:14,0
DA:16,0
DA:20,0
DA:21,0
DA:22,0
DA:24,0
DA:39,0
LF:12
LH:0
end_of_record
SF:lib\feature\kelas_saya\business\entity\my_course_entity.dart
DA:16,0
LF:1
LH:0
end_of_record
SF:lib\feature\kelas_saya\presentation\provider\my_course_provider.dart
DA:11,0
DA:15,0
DA:16,0
DA:18,0
DA:20,0
DA:21,0
DA:22,0
DA:23,0
DA:24,0
DA:25,0
DA:29,0
DA:30,0
DA:31,0
DA:33,0
DA:35,0
DA:36,0
DA:37,0
DA:38,0
DA:39,0
DA:40,0
DA:41,0
DA:42,0
LF:22
LH:0
end_of_record
SF:lib\feature\wishlist\presentation\page\wishlist_page.dart
DA:5,0
DA:8,0
DA:10,0
LF:3
LH:0
end_of_record
SF:lib\feature\play_kelas\presentation\widget\play_kelas_component.dart
DA:12,2
DA:14,0
DA:15,0
DA:19,0
DA:21,0
DA:22,0
DA:23,0
DA:26,0
DA:28,0
DA:29,0
DA:30,0
DA:33,0
DA:34,0
DA:35,0
DA:39,0
DA:40,0
DA:41,0
DA:48,0
DA:49,0
DA:51,0
DA:58,0
DA:59,0
DA:60,0
DA:63,0
DA:67,0
DA:71,0
DA:72,0
DA:77,0
DA:81,0
DA:83,0
DA:84,0
DA:88,0
DA:89,0
LF:33
LH:1
end_of_record
SF:lib\feature\kelas_saya\presentation\page\my_class_page.dart
DA:5,0
DA:8,0
DA:10,0
LF:3
LH:0
end_of_record
SF:lib\feature\lowongan\presentation\page\lowongan_page.dart
DA:5,1
DA:7,0
LF:2
LH:1
end_of_record
SF:lib\feature\profile\feature\user_profile\presentation\page\profile_page.dart
DA:5,0
DA:8,0
DA:10,0
DA:11,0
LF:4
LH:0
end_of_record
SF:lib\feature\kelas_saya\data\datasource\my_course_remote_data_source.dart
DA:11,0
DA:14,0
DA:15,0
DA:16,0
DA:17,0
DA:18,0
DA:19,0
DA:25,0
DA:27,0
DA:28,0
DA:29,0
DA:30,0
DA:31,0
DA:32,0
DA:33,0
DA:34,0
DA:36,0
DA:40,0
DA:42,0
DA:44,0
DA:45,0
DA:46,0
DA:47,0
DA:48,0
DA:50,0
DA:51,0
DA:54,0
DA:57,0
DA:59,0
DA:65,0
LF:30
LH:0
end_of_record
SF:lib\feature\kelas_saya\data\model\my_course_model.dart
DA:31,0
DA:45,0
DA:61,0
DA:62,0
DA:63,0
DA:64,0
DA:65,0
DA:66,0
DA:67,0
DA:68,0
DA:69,0
DA:70,0
DA:71,0
DA:72,0
DA:73,0
DA:74,0
DA:77,0
DA:78,0
DA:79,0
DA:80,0
DA:81,0
DA:82,0
DA:83,0
DA:84,0
DA:85,0
DA:86,0
DA:87,0
DA:88,0
DA:89,0
DA:90,0
LF:30
LH:0
end_of_record
SF:lib\feature\kelas_saya\data\repository\my_course_repository_impl.dart
DA:9,0
DA:12,0
DA:18,0
DA:24,0
DA:28,0
DA:32,0
DA:35,0
DA:37,0
DA:41,0
DA:45,0
DA:48,0
DA:50,0
LF:12
LH:0
end_of_record
SF:lib\feature\kelas_saya\presentation\widget\my_class_component.dart
DA:14,0
DA:16,0
DA:17,0
DA:22,0
DA:24,0
DA:25,0
DA:26,0
DA:27,0
DA:30,0
DA:33,0
DA:34,0
DA:36,0
DA:37,0
DA:38,0
DA:39,0
DA:45,0
DA:47,0
DA:61,0
DA:64,0
DA:65,0
DA:66,0
DA:68,0
DA:69,0
DA:70,0
DA:72,0
DA:73,0
DA:76,0
DA:77,0
DA:78,0
DA:79,0
DA:89,0
DA:90,0
DA:91,0
LF:33
LH:0
end_of_record
SF:lib\feature\kelas_saya\presentation\widget\categories_component.dart
DA:5,0
DA:12,1
DA:14,0
DA:15,0
DA:21,0
DA:23,0
DA:25,0
DA:26,0
DA:28,0
DA:29,0
DA:30,0
DA:31,0
DA:32,0
DA:35,0
DA:36,0
DA:39,0
DA:40,0
DA:41,0
DA:42,0
DA:43,0
DA:46,0
DA:49,0
DA:51,0
DA:54,0
LF:24
LH:1
end_of_record
SF:lib\feature\kelas_saya\presentation\widget\courze_card_my_class.dart
DA:6,0
DA:15,0
DA:17,0
DA:19,0
DA:20,0
DA:21,0
DA:23,0
DA:26,0
DA:27,0
DA:28,0
DA:29,0
DA:30,0
DA:31,0
DA:35,0
DA:49,0
DA:50,0
DA:52,0
DA:53,0
DA:54,0
DA:55,0
DA:63,0
DA:64,0
DA:65,0
DA:76,0
DA:77,0
DA:79,0
DA:85,0
DA:87,0
LF:28
LH:0
end_of_record
SF:lib\feature\play_kelas\presentation\page\play_kelas_page.dart
DA:5,1
DA:7,0
LF:2
LH:1
end_of_record
SF:lib\feature\lowongan\business\entity\lowongan_entity.dart
DA:14,0
LF:1
LH:0
end_of_record
SF:lib\feature\lowongan\business\entity\sub_entity.dart
DA:6,0
LF:1
LH:0
end_of_record
SF:lib\feature\lowongan\business\usecase\get_lowongan.dart
DA:9,0
DA:11,0
DA:12,0
LF:3
LH:0
end_of_record
SF:lib\feature\lowongan\business\usecase\get_lowongans.dart
DA:9,0
DA:11,0
DA:12,0
LF:3
LH:0
end_of_record
SF:lib\feature\lowongan\data\datasource\lowongan_remote_data_source.dart
DA:12,0
DA:16,0
DA:17,0
DA:18,0
DA:19,0
DA:20,0
DA:21,0
DA:22,0
DA:23,0
DA:25,0
DA:29,0
DA:32,0
DA:33,0
DA:34,0
DA:35,0
DA:36,0
DA:37,0
DA:38,0
DA:39,0
DA:41,0
DA:45,0
DA:48,0
DA:49,0
DA:50,0
DA:51,0
DA:52,0
DA:53,0
DA:54,0
DA:55,0
DA:57,0
DA:61,0
DA:64,0
DA:65,0
DA:66,0
DA:67,0
DA:68,0
DA:69,0
DA:71,0
LF:38
LH:0
end_of_record
SF:lib\feature\lowongan\data\model\lowongan_model.dart
DA:24,0
DA:34,0
DA:46,0
DA:47,0
DA:48,0
DA:49,0
DA:50,0
DA:51,0
DA:52,0
DA:53,0
DA:54,0
DA:55,0
DA:56,0
DA:57,0
DA:58,0
DA:59,0
DA:60,0
DA:61,0
DA:65,0
DA:66,0
DA:67,0
DA:68,0
DA:69,0
DA:70,0
DA:71,0
DA:72,0
DA:73,0
DA:74,0
DA:75,0
LF:29
LH:0
end_of_record
SF:lib\feature\lowongan\data\model\sub_model.dart
DA:11,0
DA:15,0
DA:21,0
DA:22,0
DA:23,0
DA:24,0
DA:25,0
DA:29,0
DA:30,0
DA:31,0
DA:32,0
DA:33,0
LF:12
LH:0
end_of_record
SF:lib\feature\lowongan\data\repository\lowongan_repository_impl.dart
DA:9,0
DA:10,0
DA:14,0
DA:15,0
DA:17,0
DA:21,0
DA:24,0
DA:25,0
DA:27,0
DA:31,0
DA:35,0
DA:37,0
DA:39,0
DA:43,0
DA:48,0
DA:49,0
DA:51,0
LF:17
LH:0
end_of_record
SF:lib\feature\lowongan\presentation\widget\lowongan_component.dart
DA:13,1
DA:15,0
DA:16,0
DA:20,0
DA:22,0
DA:23,0
DA:26,0
DA:29,0
DA:30,0
DA:33,0
DA:34,0
DA:40,0
DA:42,0
DA:44,0
DA:53,0
DA:54,0
DA:63,0
DA:64,0
DA:67,0
DA:68,0
DA:69,0
DA:71,0
DA:72,0
DA:73,0
DA:74,0
DA:75,0
DA:76,0
DA:86,0
DA:87,0
DA:88,0
LF:30
LH:1
end_of_record
SF:lib\feature\lowongan\presentation\provider\lowongan_provider.dart
DA:14,0
DA:20,0
DA:21,0
DA:22,0
DA:24,0
DA:26,0
DA:27,0
DA:28,0
DA:30,0
DA:32,0
DA:33,0
DA:34,0
DA:35,0
DA:36,0
DA:41,0
DA:42,0
DA:43,0
DA:44,0
DA:46,0
DA:47,0
DA:48,0
DA:50,0
DA:52,0
DA:53,0
DA:54,0
DA:55,0
DA:56,0
LF:27
LH:0
end_of_record
SF:lib\feature\lowongan\presentation\widget\category.dart
DA:5,0
DA:12,1
DA:14,0
DA:15,0
DA:20,0
DA:22,0
DA:24,0
DA:25,0
DA:26,0
DA:27,0
DA:28,0
DA:29,0
DA:30,0
DA:33,0
DA:34,0
DA:35,0
DA:38,0
DA:39,0
DA:40,0
DA:43,0
DA:44,0
DA:45,0
DA:46,0
DA:49,0
DA:52,0
DA:54,0
DA:57,0
LF:27
LH:1
end_of_record
SF:lib\feature\lowongan\presentation\widget\category_container.dart
DA:6,0
DA:12,0
DA:14,0
DA:16,0
DA:17,0
DA:18,0
DA:22,0
DA:23,0
DA:24,0
LF:9
LH:0
end_of_record
SF:lib\feature\lowongan\presentation\widget\lowongan_container.dart
DA:10,0
DA:23,0
DA:25,0
DA:27,0
DA:28,0
DA:29,0
DA:30,0
DA:33,0
DA:36,0
DA:37,0
DA:38,0
DA:40,0
DA:41,0
DA:42,0
DA:43,0
DA:45,0
DA:49,0
DA:51,0
DA:52,0
DA:53,0
DA:54,0
DA:55,0
DA:56,0
DA:66,0
DA:67,0
DA:69,0
DA:70,0
DA:71,0
DA:72,0
DA:81,0
DA:82,0
DA:83,0
DA:96,0
DA:97,0
DA:98,0
DA:100,0
DA:101,0
DA:102,0
DA:103,0
DA:105,0
DA:118,0
DA:120,0
DA:121,0
DA:129,0
DA:130,0
DA:131,0
DA:142,0
DA:143,0
LF:48
LH:0
end_of_record
SF:lib\feature\lowongan\presentation\widget\search_component.dart
DA:5,1
DA:7,0
DA:9,0
DA:11,0
DA:12,0
DA:13,0
DA:15,0
DA:19,0
DA:20,0
DA:21,0
DA:23,0
DA:38,0
LF:12
LH:1
end_of_record
SF:lib\feature\payment\presentation\widget\payment_component.dart
DA:13,0
DA:28,0
DA:30,0
DA:31,0
DA:32,0
DA:33,0
DA:34,0
DA:38,0
DA:40,0
DA:46,0
DA:47,0
DA:48,0
DA:49,0
DA:50,0
DA:51,0
DA:52,0
DA:53,0
DA:54,0
DA:59,0
DA:60,0
DA:69,0
DA:71,0
DA:72,0
DA:73,0
DA:76,0
DA:77,0
DA:78,0
DA:79,0
DA:80,0
DA:81,0
DA:83,0
DA:84,0
DA:85,0
DA:86,0
DA:88,0
LF:35
LH:0
end_of_record
SF:lib\feature\payment\presentation\widget\card_course_info.dart
DA:5,0
DA:14,0
DA:16,0
DA:18,0
DA:19,0
DA:20,0
DA:21,0
DA:24,0
DA:26,0
DA:27,0
DA:31,0
DA:32,0
DA:35,0
DA:36,0
DA:38,0
DA:52,0
DA:53,0
DA:55,0
DA:56,0
DA:57,0
DA:59,0
DA:67,0
DA:68,0
DA:69,0
LF:24
LH:0
end_of_record
SF:lib\feature\payment\presentation\widget\card_payment.dart
DA:6,0
DA:10,0
DA:12,0
DA:14,0
DA:16,0
DA:17,0
DA:19,0
DA:21,0
DA:22,0
DA:25,0
DA:27,0
DA:33,0
DA:34,0
DA:36,0
DA:37,0
DA:38,0
DA:39,0
DA:47,0
DA:50,0
DA:59,0
DA:60,0
DA:61,0
LF:22
LH:0
end_of_record
SF:lib\feature\payment\presentation\widget\card_payment_detail.dart
DA:7,0
DA:10,0
DA:12,0
DA:14,0
DA:15,0
DA:17,0
DA:18,0
DA:19,0
DA:23,0
DA:25,0
DA:26,0
DA:28,0
DA:35,0
DA:37,0
DA:55,0
DA:57,0
LF:16
LH:0
end_of_record
SF:lib\feature\payment\presentation\widget\detail_payment.dart
DA:6,1
DA:15,0
DA:17,0
DA:19,0
DA:20,0
DA:21,0
DA:22,0
DA:27,0
DA:28,0
DA:29,0
DA:30,0
LF:11
LH:1
end_of_record
SF:lib\feature\payment\presentation\widget\payment_choice_card.dart
DA:5,0
DA:17,1
DA:19,0
DA:20,0
DA:25,0
DA:27,0
DA:29,0
DA:31,0
DA:32,0
DA:33,0
DA:40,0
DA:41,0
DA:43,0
DA:44,0
DA:46,0
DA:47,0
DA:48,0
DA:49,0
DA:50,0
DA:51,0
DA:54,0
DA:58,0
DA:59,0
DA:60,0
LF:24
LH:1
end_of_record
SF:lib\feature\payment_success\presentation\page\payment_succes_page.dart
DA:5,0
DA:10,0
DA:12,0
DA:13,0
DA:14,0
LF:5
LH:0
end_of_record
SF:lib\feature\transaksi\presentation\provider\transaksi_provider.dart
DA:12,0
DA:14,0
DA:18,0
DA:19,0
DA:21,0
DA:23,0
DA:24,0
DA:25,0
DA:26,0
DA:27,0
DA:28,0
DA:32,0
DA:33,0
DA:34,0
DA:35,0
DA:37,0
DA:38,0
DA:39,0
DA:40,0
DA:41,0
DA:42,0
DA:43,0
DA:44,0
LF:23
LH:0
end_of_record
SF:lib\feature\payment_success\presentation\widget\payment_succes_component.dart
DA:8,0
DA:13,0
DA:15,0
DA:17,0
DA:20,0
DA:21,0
DA:22,0
DA:24,0
DA:28,0
DA:30,0
DA:31,0
DA:32,0
DA:33,0
DA:37,0
DA:52,0
DA:54,0
DA:56,0
DA:66,0
DA:69,0
DA:77,0
DA:81,0
DA:84,0
DA:85,0
DA:87,0
DA:88,0
DA:89,0
LF:26
LH:0
end_of_record
SF:lib\feature\transaksi\presentation\page\transaksi_page.dart
DA:5,0
DA:8,0
DA:10,0
LF:3
LH:0
end_of_record
SF:lib\feature\play_kelas\business\entity\play_kelas_entity.dart
DA:16,0
LF:1
LH:0
end_of_record
SF:lib\feature\play_kelas\business\usecase\get_play_kelas.dart
DA:9,0
DA:11,0
DA:12,0
LF:3
LH:0
end_of_record
SF:lib\feature\play_kelas\data\datasource\play_kelas_data_source.dart
DA:11,0
DA:14,0
DA:15,0
DA:16,0
DA:17,0
DA:18,0
DA:19,0
DA:21,0
LF:8
LH:0
end_of_record
SF:lib\feature\play_kelas\data\model\play_kelas_model.dart
DA:31,0
DA:45,0
DA:61,0
DA:62,0
DA:63,0
DA:64,0
DA:65,0
DA:66,0
DA:67,0
DA:68,0
DA:69,0
DA:70,0
DA:71,0
DA:72,0
DA:73,0
DA:74,0
DA:76,0
DA:77,0
DA:81,0
DA:82,0
DA:83,0
DA:84,0
DA:85,0
DA:86,0
DA:87,0
DA:88,0
DA:89,0
DA:90,0
DA:91,0
DA:92,0
DA:93,0
DA:94,0
DA:95,0
LF:33
LH:0
end_of_record
SF:lib\feature\play_kelas\data\repository\play_kelas_repository_impl.dart
DA:9,0
DA:12,0
DA:16,0
DA:18,0
DA:19,0
LF:5
LH:0
end_of_record
SF:lib\feature\play_kelas\presentation\provider\play_kelas_provider.dart
DA:12,0
DA:17,0
DA:18,0
DA:19,0
DA:22,0
DA:24,0
DA:25,0
DA:26,0
DA:27,0
DA:28,0
DA:30,0
DA:31,0
DA:32,0
DA:33,0
LF:14
LH:0
end_of_record
SF:lib\feature\profile\feature\user_profile\presentation\widget\profile_widget.dart
DA:12,0
DA:15,0
DA:17,0
DA:19,0
DA:24,0
DA:26,0
DA:33,0
DA:34,0
DA:42,0
DA:43,0
DA:48,0
DA:50,0
DA:51,0
DA:53,0
DA:54,0
DA:55,0
DA:56,0
DA:57,0
DA:58,0
LF:19
LH:0
end_of_record
SF:lib\feature\profile\feature\user_profile\presentation\widget\feature_list_profile.dart
DA:9,0
DA:12,0
DA:14,0
DA:15,0
DA:16,0
DA:17,0
DA:18,0
DA:20,0
DA:21,0
DA:23,0
DA:24,0
DA:25,0
DA:28,0
DA:29,0
DA:30,0
DA:37,0
DA:38,0
DA:40,0
DA:41,0
DA:53,0
DA:60,0
DA:67,0
DA:78,0
DA:80,0
DA:82,0
DA:84,0
DA:86,0
DA:87,0
DA:88,0
DA:89,0
DA:91,0
LF:31
LH:0
end_of_record
SF:lib\feature\profile\feature\user_profile\presentation\widget\header_user_profile.dart
DA:9,1
DA:11,0
DA:12,0
DA:16,0
DA:18,0
DA:19,0
DA:22,0
DA:24,0
DA:25,0
DA:26,0
DA:28,0
DA:29,0
DA:30,0
DA:32,0
DA:33,0
DA:36,0
DA:37,0
DA:38,0
DA:40,0
DA:41,0
DA:45,0
DA:47,0
DA:48,0
DA:50,0
DA:51,0
DA:52,0
DA:62,0
DA:63,0
DA:65,0
DA:66,0
DA:68,0
DA:78,0
DA:80,0
LF:33
LH:1
end_of_record
SF:lib\feature\sign_in\presentation\widget\sign_in_component.dart
DA:15,4
DA:19,0
DA:20,0
DA:28,0
DA:30,0
DA:31,0
DA:33,0
DA:34,0
DA:35,0
DA:36,0
DA:40,0
DA:42,0
DA:44,0
DA:53,0
DA:54,0
DA:59,0
DA:60,0
DA:61,0
DA:66,0
DA:67,0
DA:68,0
DA:69,0
DA:71,0
DA:73,0
DA:75,0
DA:86,0
DA:87,0
DA:89,0
DA:90,0
DA:91,0
DA:92,0
DA:94,0
DA:95,0
DA:96,0
DA:97,0
DA:101,0
DA:102,0
DA:105,0
DA:114,0
DA:115,0
DA:117,0
DA:122,0
DA:123,0
DA:125,0
DA:131,0
DA:132,0
DA:133,0
DA:134,0
LF:48
LH:1
end_of_record
SF:lib\feature\sign_in\business\usecase\reset_password.dart
DA:8,0
DA:10,0
DA:13,0
LF:3
LH:0
end_of_record
SF:lib\feature\sign_in\business\usecase\user_sign_in.dart
DA:9,0
DA:11,0
DA:14,0
LF:3
LH:0
end_of_record
SF:lib\feature\sign_in\data\datasource\user_remote_data_source.dart
DA:15,0
DA:21,0
DA:22,0
DA:23,0
DA:26,0
DA:27,0
DA:28,0
DA:29,0
DA:30,0
DA:31,0
DA:33,0
DA:34,0
DA:35,0
DA:36,0
DA:38,0
DA:42,0
DA:47,0
DA:48,0
DA:49,0
DA:52,0
DA:53,0
DA:54,0
DA:55,0
DA:57,0
DA:58,0
DA:62,0
DA:63,0
DA:64,0
DA:65,0
DA:66,0
DA:67,0
DA:68,0
DA:70,0
DA:73,0
DA:77,0
DA:80,0
DA:83,0
LF:37
LH:0
end_of_record
SF:lib\feature\sign_in\data\repository\user_repository_impl.dart
DA:10,1
DA:12,0
DA:16,0
DA:19,0
DA:23,0
DA:26,0
DA:28,0
LF:7
LH:1
end_of_record
SF:lib\feature\sign_in\presentation\page\sign_in_page.dart
DA:5,1
DA:7,0
LF:2
LH:1
end_of_record
SF:lib\feature\sign_in\presentation\widget\splash_screen.dart
DA:8,1
DA:10,0
DA:11,0
DA:15,0
DA:17,0
DA:18,0
DA:19,0
DA:20,0
DA:21,0
DA:22,0
DA:24,0
DA:28,0
DA:30,0
DA:31,0
DA:32,0
DA:35,0
LF:16
LH:1
end_of_record
SF:lib\feature\sign_in\presentation\provider\user_sigIn_provider.dart
DA:11,0
DA:15,0
DA:20,0
DA:25,0
DA:27,0
DA:28,0
DA:29,0
DA:30,0
DA:32,0
DA:33,0
DA:34,0
DA:38,0
DA:39,0
DA:43,0
DA:47,0
DA:51,0
DA:52,0
DA:53,0
DA:54,0
DA:56,0
DA:57,0
DA:58,0
DA:62,0
DA:63,0
LF:24
LH:0
end_of_record
SF:lib\feature\sign_in\presentation\widget\input_email.dart
DA:6,0
DA:10,0
DA:12,0
DA:13,0
DA:14,0
DA:15,0
DA:22,0
DA:27,0
DA:28,0
DA:30,0
DA:31,0
DA:34,0
DA:35,0
LF:13
LH:0
end_of_record
SF:lib\feature\sign_in\presentation\widget\input_password.dart
DA:8,0
DA:15,0
DA:16,0
DA:20,0
DA:22,0
DA:23,0
DA:24,0
DA:25,0
DA:26,0
DA:33,0
DA:38,0
DA:39,0
DA:41,0
DA:42,0
DA:45,0
DA:46,0
DA:48,0
DA:49,0
DA:50,0
DA:51,0
DA:54,0
DA:56,0
DA:57,0
LF:23
LH:0
end_of_record
SF:lib\feature\sign_in\presentation\widget\onboard_content.dart
DA:5,0
DA:6,0
DA:10,0
DA:12,0
DA:13,0
DA:15,0
DA:16,0
DA:23,0
DA:24,0
DA:31,0
DA:32,0
DA:34,0
DA:43,0
DA:44,0
DA:46,0
LF:15
LH:0
end_of_record
SF:lib\feature\sign_in\presentation\widget\onboarding_view.dart
DA:10,1
DA:12,0
DA:13,0
DA:38,0
DA:39,0
DA:40,0
DA:41,0
DA:42,0
DA:49,0
DA:51,0
DA:52,0
DA:54,0
DA:55,0
DA:56,0
DA:57,0
DA:58,0
DA:59,0
DA:60,0
DA:61,0
DA:64,0
DA:65,0
DA:66,0
DA:67,0
DA:68,0
DA:70,0
DA:71,0
DA:72,0
DA:73,0
DA:81,0
DA:83,0
DA:84,0
DA:85,0
DA:89,0
DA:90,0
DA:91,0
DA:94,0
DA:100,0
DA:102,0
DA:103,0
DA:106,0
DA:107,0
DA:109,0
DA:110,0
DA:116,0
DA:117,0
DA:118,0
LF:46
LH:1
end_of_record
SF:lib\feature\sign_in\presentation\widget\reset_password_component.dart
DA:11,1
DA:13,0
DA:14,0
DA:20,0
DA:22,0
DA:23,0
DA:28,0
DA:29,0
DA:30,0
DA:38,0
DA:40,0
DA:42,0
DA:44,0
DA:46,0
DA:55,0
DA:57,0
DA:66,0
DA:67,0
DA:68,0
DA:75,0
DA:80,0
DA:81,0
DA:83,0
DA:84,0
DA:87,0
DA:88,0
DA:93,0
DA:94,0
DA:96,0
DA:97,0
DA:98,0
DA:105,0
DA:106,0
DA:107,0
DA:109,0
LF:35
LH:1
end_of_record
SF:lib\feature\sign_up\presentation\page\sign_up_page.dart
DA:5,1
DA:6,0
LF:2
LH:1
end_of_record
SF:lib\feature\sign_up\business\usecase\sign_up.dart
DA:9,0
DA:11,0
DA:14,0
LF:3
LH:0
end_of_record
SF:lib\feature\sign_up\data\datasource\sign_up_remote_datasource.dart
DA:13,0
DA:18,0
DA:19,0
DA:20,0
DA:23,0
DA:24,0
DA:25,0
DA:26,0
DA:27,0
DA:28,0
DA:29,0
DA:31,0
DA:33,0
DA:34,0
DA:35,0
DA:36,0
DA:37,0
DA:38,0
DA:41,0
DA:44,0
LF:20
LH:0
end_of_record
SF:lib\feature\sign_up\data\repository\sign_up_repository_impl.dart
DA:10,1
DA:12,0
DA:16,0
DA:19,0
LF:4
LH:1
end_of_record
SF:lib\feature\sign_up\presentation\widget\sign_up_component.dart
DA:12,0
DA:27,1
DA:28,0
DA:29,0
DA:40,0
DA:42,0
DA:43,0
DA:45,0
DA:46,0
DA:47,0
DA:48,0
DA:52,0
DA:54,0
DA:56,0
DA:65,0
DA:66,0
DA:67,0
DA:68,0
DA:69,0
DA:76,0
DA:81,0
DA:82,0
DA:84,0
DA:85,0
DA:88,0
DA:89,0
DA:95,0
DA:96,0
DA:97,0
DA:98,0
DA:99,0
DA:106,0
DA:111,0
DA:112,0
DA:114,0
DA:115,0
DA:118,0
DA:119,0
DA:125,0
DA:126,0
DA:127,0
DA:128,0
DA:129,0
DA:130,0
DA:137,0
DA:142,0
DA:143,0
DA:145,0
DA:146,0
DA:149,0
DA:150,0
DA:152,0
DA:153,0
DA:154,0
DA:155,0
DA:158,0
DA:160,0
DA:161,0
DA:173,0
DA:174,0
DA:175,0
DA:176,0
DA:177,0
DA:178,0
DA:185,0
DA:190,0
DA:191,0
DA:193,0
DA:194,0
DA:197,0
DA:198,0
DA:200,0
DA:201,0
DA:202,0
DA:203,0
DA:206,0
DA:208,0
DA:209,0
DA:221,0
DA:222,0
DA:229,0
DA:234,0
DA:235,0
DA:237,0
DA:238,0
DA:241,0
DA:242,0
DA:245,0
DA:246,0
DA:248,0
DA:250,0
DA:251,0
DA:252,0
DA:253,0
DA:260,0
DA:261,0
DA:263,0
DA:264,0
DA:265,0
DA:266,0
DA:267,0
DA:268,0
DA:270,0
DA:271,0
DA:272,0
DA:273,0
DA:277,0
DA:282,0
DA:283,0
DA:284,0
DA:285,0
DA:286,0
DA:298,0
DA:299,0
DA:301,0
DA:306,0
DA:307,0
DA:309,0
DA:315,0
DA:316,0
DA:317,0
DA:318,0
DA:319,0
LF:123
LH:1
end_of_record
SF:lib\feature\sign_up\presentation\provider\sign_up_user_provider.dart
DA:10,0
DA:14,0
DA:21,0
DA:27,0
DA:30,0
DA:31,0
DA:32,0
DA:33,0
DA:35,0
DA:36,0
DA:37,0
DA:41,0
DA:42,0
LF:13
LH:0
end_of_record
SF:lib\feature\transaksi\business\entity\course_detail_transacttion.dart
DA:16,0
LF:1
LH:0
end_of_record
SF:lib\feature\transaksi\business\usecase\add_transaction.dart
DA:8,0
DA:10,0
DA:12,0
LF:3
LH:0
end_of_record
SF:lib\feature\transaksi\data\datasource\transaction_remote_data_source.dart
DA:14,0
DA:17,0
DA:18,0
DA:19,0
DA:20,0
DA:21,0
DA:22,0
DA:28,0
DA:31,0
DA:32,0
DA:33,0
DA:34,0
DA:35,0
DA:36,0
DA:37,0
DA:38,0
DA:40,0
DA:44,0
DA:47,0
DA:49,0
DA:50,0
DA:51,0
DA:52,0
DA:53,0
DA:55,0
DA:56,0
DA:60,0
DA:63,0
DA:65,0
LF:29
LH:0
end_of_record
SF:lib\feature\transaksi\data\model\course_detail_transaction.dart
DA:31,0
DA:45,0
DA:61,0
DA:62,0
DA:63,0
DA:64,0
DA:65,0
DA:66,0
DA:67,0
DA:68,0
DA:69,0
DA:70,0
DA:71,0
DA:72,0
DA:73,0
DA:74,0
DA:75,0
DA:78,0
DA:79,0
DA:80,0
DA:81,0
DA:82,0
DA:83,0
DA:84,0
DA:85,0
DA:86,0
DA:87,0
DA:88,0
DA:89,0
DA:90,0
DA:91,0
LF:31
LH:0
end_of_record
SF:lib\feature\transaksi\data\repository\transaction_history_impl.dart
DA:10,0
DA:12,0
DA:16,0
DA:17,0
DA:19,0
DA:23,0
DA:27,0
DA:31,0
DA:33,0
DA:37,0
DA:42,0
DA:43,0
DA:45,0
LF:13
LH:0
end_of_record
SF:lib\feature\transaksi\presentation\widget\transaksi_component.dart
DA:11,0
DA:14,0
DA:15,0
DA:21,0
DA:23,0
DA:24,0
DA:25,0
DA:26,0
DA:28,0
DA:31,0
DA:33,0
DA:35,0
DA:38,0
DA:40,0
DA:41,0
DA:42,0
DA:48,0
DA:50,0
DA:51,0
DA:55,0
DA:56,0
DA:57,0
DA:64,0
DA:66,0
DA:74,0
DA:76,0
DA:78,0
DA:82,0
DA:84,0
DA:93,0
DA:95,0
DA:104,0
DA:105,0
DA:106,0
DA:108,0
DA:109,0
DA:111,0
DA:113,0
DA:114,0
DA:115,0
LF:40
LH:0
end_of_record
SF:lib\feature\transaksi\presentation\widget\card_course_transaksi.dart
DA:7,0
DA:19,0
DA:21,0
DA:22,0
DA:23,0
DA:25,0
DA:26,0
DA:29,0
DA:30,0
DA:32,0
DA:33,0
DA:34,0
DA:38,0
DA:39,0
DA:41,0
DA:42,0
DA:43,0
DA:44,0
DA:45,0
DA:52,0
DA:53,0
DA:56,0
DA:57,0
DA:58,0
DA:59,0
DA:69,0
DA:72,0
DA:73,0
DA:74,0
DA:75,0
DA:81,0
DA:82,0
DA:84,0
DA:90,0
DA:92,0
LF:35
LH:0
end_of_record
SF:lib\feature\wishlist\business\entity\course_wislist.dart
DA:16,0
LF:1
LH:0
end_of_record
SF:lib\feature\wishlist\business\usecase\check_wishlist.dart
DA:8,0
DA:10,0
DA:12,0
LF:3
LH:0
end_of_record
SF:lib\feature\wishlist\business\usecase\get_wishlist.dart
DA:9,0
DA:11,0
DA:13,0
LF:3
LH:0
end_of_record
SF:lib\feature\wishlist\data\datasource\wishlits_remote_data_source.dart
DA:17,0
DA:19,0
DA:20,0
DA:21,0
DA:22,0
DA:23,0
DA:24,0
DA:25,0
DA:26,0
DA:28,0
DA:32,0
DA:56,0
DA:59,0
DA:60,0
DA:61,0
DA:62,0
DA:63,0
DA:65,0
DA:66,0
DA:69,0
DA:72,0
DA:78,0
DA:82,0
DA:85,0
DA:86,0
DA:87,0
DA:88,0
DA:89,0
DA:93,0
DA:96,0
DA:97,0
DA:98,0
DA:99,0
DA:100,0
DA:101,0
DA:102,0
DA:103,0
DA:104,0
DA:110,0
DA:113,0
DA:114,0
DA:115,0
DA:116,0
DA:117,0
DA:118,0
DA:119,0
LF:46
LH:0
end_of_record
SF:lib\feature\wishlist\data\model\course_wishlist_model.dart
DA:29,0
DA:43,0
DA:59,0
DA:60,0
DA:61,0
DA:62,0
DA:63,0
DA:64,0
DA:65,0
DA:66,0
DA:67,0
DA:68,0
DA:69,0
DA:70,0
DA:71,0
DA:72,0
DA:73,0
DA:76,0
DA:77,0
DA:78,0
DA:79,0
DA:80,0
DA:81,0
DA:82,0
DA:83,0
DA:84,0
DA:85,0
DA:86,0
DA:87,0
DA:88,0
DA:89,0
LF:31
LH:0
end_of_record
SF:lib\feature\wishlist\data\repository\wishlist_repository_impl.dart
DA:9,0
DA:12,0
DA:18,0
DA:22,0
DA:25,0
DA:28,0
DA:32,0
DA:36,0
DA:40,0
DA:43,0
DA:46,0
DA:50,0
DA:54,0
DA:57,0
DA:59,0
DA:63,0
DA:67,0
DA:70,0
DA:72,0
DA:76,0
DA:80,0
DA:84,0
DA:86,0
LF:23
LH:0
end_of_record
SF:lib\feature\wishlist\presentation\widget\wishlist_component.dart
DA:12,0
DA:15,0
DA:16,0
DA:19,0
DA:20,0
DA:21,0
DA:24,0
DA:26,0
DA:34,0
DA:35,0
DA:36,0
DA:44,0
DA:46,0
DA:47,0
DA:48,0
DA:49,0
DA:52,0
DA:54,0
DA:56,0
DA:57,0
DA:59,0
DA:60,0
DA:61,0
DA:62,0
DA:63,0
DA:65,0
DA:66,0
DA:67,0
DA:68,0
DA:69,0
DA:70,0
DA:75,0
DA:76,0
DA:77,0
DA:81,0
LF:35
LH:0
end_of_record
SF:lib\feature\wishlist\presentation\widget\courze_card_wishlist.dart
DA:11,0
DA:30,0
DA:32,0
DA:33,0
DA:37,0
DA:39,0
DA:40,0
DA:42,0
DA:44,0
DA:47,0
DA:49,0
DA:50,0
DA:52,0
DA:53,0
DA:54,0
DA:55,0
DA:56,0
DA:60,0
DA:74,0
DA:75,0
DA:77,0
DA:78,0
DA:79,0
DA:80,0
DA:89,0
DA:90,0
DA:91,0
DA:100,0
DA:101,0
DA:107,0
DA:108,0
DA:109,0
DA:116,0
DA:121,0
DA:137,0
DA:138,0
DA:139,0
DA:148,0
DA:150,0
DA:151,0
DA:152,0
DA:153,0
DA:155,0
DA:156,0
DA:157,0
DA:159,0
DA:169,0
LF:47
LH:0
end_of_record
SF:lib\firebase_options.dart
DA:18,0
DA:22,0
DA:23,0
DA:25,0
DA:27,0
DA:29,0
DA:30,0
DA:34,0
DA:35,0
DA:40,0
LF:10
LH:0
end_of_record
